#! /usr/local/bin/vvp
:ivl_version "11.0 (stable)" "(v11_0)";
:ivl_delay_selection "TYPICAL";
:vpi_time_precision + 0;
:vpi_module "/usr/local/lib/ivl/system.vpi";
:vpi_module "/usr/local/lib/ivl/vhdl_sys.vpi";
:vpi_module "/usr/local/lib/ivl/vhdl_textio.vpi";
:vpi_module "/usr/local/lib/ivl/v2005_math.vpi";
:vpi_module "/usr/local/lib/ivl/va_math.vpi";
S_0x22e1140 .scope module, "top" "top" 2 9;
 .timescale 0 0;
    .port_info 0 /INPUT 1 "clk_in";
    .port_info 1 /OUTPUT 3 "rgb";
P_0x231ad50 .param/l "pwm_bits" 0 2 23, +C4<00000000000000000000000000001000>;
L_0x232cfe0 .functor NOT 1, v0x232c640_0, C4<0>, C4<0>, C4<0>;
L_0x7f33ce52c0a8 .functor BUFT 1, C4<1>, C4<0>, C4<0>, C4<0>;
v0x232c8b0_0 .net/2u *"_ivl_13", 0 0, L_0x7f33ce52c0a8;  1 drivers
v0x232c9b0_0 .net *"_ivl_4", 0 0, L_0x232cfe0;  1 drivers
L_0x7f33ce52c060 .functor BUFT 1, C4<1>, C4<0>, C4<0>, C4<0>;
v0x232ca90_0 .net/2u *"_ivl_8", 0 0, L_0x7f33ce52c060;  1 drivers
o0x7f33ce599048 .functor BUFZ 1, C4<z>; HiZ drive
v0x232cb50_0 .net "clk_in", 0 0, o0x7f33ce599048;  0 drivers
v0x232cc20_0 .var "counter", 7 0;
L_0x7f33ce52c018 .functor BUFT 1, C4<0>, C4<0>, C4<0>, C4<0>;
v0x232cd10_0 .net "i_reset", 0 0, L_0x7f33ce52c018;  1 drivers
v0x232cde0_0 .net "pwm", 0 0, v0x232c640_0;  1 drivers
v0x232ceb0_0 .net "rgb", 2 0, L_0x232d0c0;  1 drivers
L_0x232d0c0 .concat8 [ 1 1 1 0], L_0x7f33ce52c060, L_0x232cfe0, L_0x7f33ce52c0a8;
S_0x22deef0 .scope module, "pwm_dut" "pwm" 2 31, 3 7 0, S_0x22e1140;
 .timescale 0 0;
    .port_info 0 /INPUT 1 "i_clk";
    .port_info 1 /INPUT 1 "i_reset";
    .port_info 2 /INPUT 8 "duty_cycle";
    .port_info 3 /OUTPUT 1 "o_pwm";
P_0x22df0d0 .param/l "pwm_bits" 0 3 9, +C4<00000000000000000000000000001000>;
v0x23058f0_0 .net "duty_cycle", 7 0, v0x232cc20_0;  1 drivers
v0x2305d40_0 .net "i_clk", 0 0, o0x7f33ce599048;  alias, 0 drivers
v0x232c570_0 .net "i_reset", 0 0, L_0x7f33ce52c018;  alias, 1 drivers
v0x232c640_0 .var "o_pwm", 0 0;
v0x232c700_0 .var "up_counter", 7 0;
E_0x23178f0 .event posedge, v0x2305d40_0;
E_0x23020f0 .event posedge, v0x232c570_0, v0x2305d40_0;
    .scope S_0x22deef0;
T_0 ;
    %wait E_0x23020f0;
    %load/vec4 v0x232c570_0;
    %cmpi/e 1, 0, 1;
    %jmp/0xz  T_0.0, 4;
    %pushi/vec4 0, 0, 8;
    %assign/vec4 v0x232c700_0, 0;
    %jmp T_0.1;
T_0.0 ;
    %load/vec4 v0x232c700_0;
    %addi 1, 0, 8;
    %assign/vec4 v0x232c700_0, 0;
T_0.1 ;
    %jmp T_0;
    .thread T_0;
    .scope S_0x22deef0;
T_1 ;
    %wait E_0x23178f0;
    %load/vec4 v0x232c700_0;
    %pad/u 32;
    %load/vec4 v0x23058f0_0;
    %pad/u 32;
    %addi 1, 0, 32;
    %cmp/u;
    %flag_get/vec4 5;
    %store/vec4 v0x232c640_0, 0, 1;
    %jmp T_1;
    .thread T_1;
    .scope S_0x22e1140;
T_2 ;
    %pushi/vec4 0, 0, 8;
    %store/vec4 v0x232cc20_0, 0, 8;
    %end;
    .thread T_2;
    .scope S_0x22e1140;
T_3 ;
    %wait E_0x23178f0;
    %load/vec4 v0x232cc20_0;
    %addi 1, 0, 8;
    %assign/vec4 v0x232cc20_0, 0;
    %jmp T_3;
    .thread T_3;
# The file index is used to find the file name in the following table.
:file_names 4;
    "N/A";
    "<interactive>";
    "rgb_pwm.v";
    "./pwm.v";
